

*******************************************************************************
Thu Mar 18 21:47:55 2010


FIT:    data read from "werte.dat" using 1:2
	x range restricted to [0.00000 : 195.000]
	y range restricted to [0.00000 : 1.25000]
        #datapoints = 951
        residuals are weighted equally (unit weight)

function used for fitting: f1(x)
fitted parameters initialized with current variable values



 Iteration 0
 WSSR        : 1.15286e+07       delta(WSSR)/WSSR   : 0
 delta(WSSR) : 0                 limit for stopping : 1e-05
 lambda	  : 77.5908

initial set of free parameter values

a               = 1
b               = 1

After 4 iterations the fit converged.
final sum of squares of residuals : 5.71072
rel. change during last iteration : -8.01049e-07

degrees of freedom    (FIT_NDF)                        : 949
rms of residuals      (FIT_STDFIT) = sqrt(WSSR/ndf)    : 0.0775733
variance of residuals (reduced chisquare) = WSSR/ndf   : 0.00601762

Final set of parameters            Asymptotic Standard Error
=======================            ==========================

a               = -0.0011423       +/- 4.581e-05    (4.011%)
b               = 0.708992         +/- 0.005027     (0.709%)


correlation matrix of the fit parameters:

               a      b      
a               1.000 
b              -0.866  1.000 


*******************************************************************************
Thu Mar 18 21:47:55 2010


FIT:    data read from "werte.dat" using 1:3
	x range restricted to [0.00000 : 195.000]
	y range restricted to [0.00000 : 1.25000]
        #datapoints = 925
        residuals are weighted equally (unit weight)

function used for fitting: f2(x)
fitted parameters initialized with current variable values



 Iteration 0
 WSSR        : 1.053e+07         delta(WSSR)/WSSR   : 0
 delta(WSSR) : 0                 limit for stopping : 1e-05
 lambda	  : 75.468

initial set of free parameter values

c               = 1
d               = 1

After 4 iterations the fit converged.
final sum of squares of residuals : 2.60014
rel. change during last iteration : -8.88133e-08

degrees of freedom    (FIT_NDF)                        : 923
rms of residuals      (FIT_STDFIT) = sqrt(WSSR/ndf)    : 0.0530759
variance of residuals (reduced chisquare) = WSSR/ndf   : 0.00281705

Final set of parameters            Asymptotic Standard Error
=======================            ==========================

c               = -0.000218287     +/- 3.268e-05    (14.97%)
d               = 1.05976          +/- 0.003487     (0.3291%)


correlation matrix of the fit parameters:

               c      d      
c               1.000 
d              -0.866  1.000 


*******************************************************************************
Thu Mar 18 21:53:00 2010


FIT:    data read from "werte.dat" using 1:2
	x range restricted to [0.00000 : 195.000]
	y range restricted to [0.00000 : 1.25000]
        #datapoints = 951
        residuals are weighted equally (unit weight)

function used for fitting: f1(x)
fitted parameters initialized with current variable values



 Iteration 0
 WSSR        : 1.15286e+07       delta(WSSR)/WSSR   : 0
 delta(WSSR) : 0                 limit for stopping : 1e-05
 lambda	  : 77.5908

initial set of free parameter values

a               = 1
b               = 1

After 4 iterations the fit converged.
final sum of squares of residuals : 5.71072
rel. change during last iteration : -8.01049e-07

degrees of freedom    (FIT_NDF)                        : 949
rms of residuals      (FIT_STDFIT) = sqrt(WSSR/ndf)    : 0.0775733
variance of residuals (reduced chisquare) = WSSR/ndf   : 0.00601762

Final set of parameters            Asymptotic Standard Error
=======================            ==========================

a               = -0.0011423       +/- 4.581e-05    (4.011%)
b               = 0.708992         +/- 0.005027     (0.709%)


correlation matrix of the fit parameters:

               a      b      
a               1.000 
b              -0.866  1.000 


*******************************************************************************
Thu Mar 18 21:53:00 2010


FIT:    data read from "werte.dat" using 1:3
	x range restricted to [0.00000 : 195.000]
	y range restricted to [0.00000 : 1.25000]
        #datapoints = 925
        residuals are weighted equally (unit weight)

function used for fitting: f2(x)
fitted parameters initialized with current variable values



 Iteration 0
 WSSR        : 1.053e+07         delta(WSSR)/WSSR   : 0
 delta(WSSR) : 0                 limit for stopping : 1e-05
 lambda	  : 75.468

initial set of free parameter values

c               = 1
d               = 1

After 4 iterations the fit converged.
final sum of squares of residuals : 2.60014
rel. change during last iteration : -8.88133e-08

degrees of freedom    (FIT_NDF)                        : 923
rms of residuals      (FIT_STDFIT) = sqrt(WSSR/ndf)    : 0.0530759
variance of residuals (reduced chisquare) = WSSR/ndf   : 0.00281705

Final set of parameters            Asymptotic Standard Error
=======================            ==========================

c               = -0.000218287     +/- 3.268e-05    (14.97%)
d               = 1.05976          +/- 0.003487     (0.3291%)


correlation matrix of the fit parameters:

               c      d      
c               1.000 
d              -0.866  1.000 


*******************************************************************************
Thu Mar 18 21:54:15 2010


FIT:    data read from "werte.dat" using 1:2
	x range restricted to [0.00000 : 195.000]
	y range restricted to [0.00000 : 1.25000]
        #datapoints = 951
        residuals are weighted equally (unit weight)

function used for fitting: f1(x)
fitted parameters initialized with current variable values



 Iteration 0
 WSSR        : 1.15286e+07       delta(WSSR)/WSSR   : 0
 delta(WSSR) : 0                 limit for stopping : 1e-05
 lambda	  : 77.5908

initial set of free parameter values

a               = 1
b               = 1

After 4 iterations the fit converged.
final sum of squares of residuals : 5.71072
rel. change during last iteration : -8.01049e-07

degrees of freedom    (FIT_NDF)                        : 949
rms of residuals      (FIT_STDFIT) = sqrt(WSSR/ndf)    : 0.0775733
variance of residuals (reduced chisquare) = WSSR/ndf   : 0.00601762

Final set of parameters            Asymptotic Standard Error
=======================            ==========================

a               = -0.0011423       +/- 4.581e-05    (4.011%)
b               = 0.708992         +/- 0.005027     (0.709%)


correlation matrix of the fit parameters:

               a      b      
a               1.000 
b              -0.866  1.000 


*******************************************************************************
Thu Mar 18 21:54:15 2010


FIT:    data read from "werte.dat" using 1:3
	x range restricted to [0.00000 : 195.000]
	y range restricted to [0.00000 : 1.25000]
        #datapoints = 925
        residuals are weighted equally (unit weight)

function used for fitting: f2(x)
fitted parameters initialized with current variable values



 Iteration 0
 WSSR        : 1.053e+07         delta(WSSR)/WSSR   : 0
 delta(WSSR) : 0                 limit for stopping : 1e-05
 lambda	  : 75.468

initial set of free parameter values

c               = 1
d               = 1

After 4 iterations the fit converged.
final sum of squares of residuals : 2.60014
rel. change during last iteration : -8.88133e-08

degrees of freedom    (FIT_NDF)                        : 923
rms of residuals      (FIT_STDFIT) = sqrt(WSSR/ndf)    : 0.0530759
variance of residuals (reduced chisquare) = WSSR/ndf   : 0.00281705

Final set of parameters            Asymptotic Standard Error
=======================            ==========================

c               = -0.000218287     +/- 3.268e-05    (14.97%)
d               = 1.05976          +/- 0.003487     (0.3291%)


correlation matrix of the fit parameters:

               c      d      
c               1.000 
d              -0.866  1.000 


*******************************************************************************
Thu Mar 18 21:54:59 2010


FIT:    data read from "werte.dat" using 1:2
	x range restricted to [0.00000 : 195.000]
	y range restricted to [0.00000 : 1.25000]
        #datapoints = 951
        residuals are weighted equally (unit weight)

function used for fitting: f1(x)
fitted parameters initialized with current variable values



 Iteration 0
 WSSR        : 1.15286e+07       delta(WSSR)/WSSR   : 0
 delta(WSSR) : 0                 limit for stopping : 1e-05
 lambda	  : 77.5908

initial set of free parameter values

a               = 1
b               = 1

After 4 iterations the fit converged.
final sum of squares of residuals : 5.71072
rel. change during last iteration : -8.01049e-07

degrees of freedom    (FIT_NDF)                        : 949
rms of residuals      (FIT_STDFIT) = sqrt(WSSR/ndf)    : 0.0775733
variance of residuals (reduced chisquare) = WSSR/ndf   : 0.00601762

Final set of parameters            Asymptotic Standard Error
=======================            ==========================

a               = -0.0011423       +/- 4.581e-05    (4.011%)
b               = 0.708992         +/- 0.005027     (0.709%)


correlation matrix of the fit parameters:

               a      b      
a               1.000 
b              -0.866  1.000 


*******************************************************************************
Thu Mar 18 21:54:59 2010


FIT:    data read from "werte.dat" using 1:3
	x range restricted to [0.00000 : 195.000]
	y range restricted to [0.00000 : 1.25000]
        #datapoints = 925
        residuals are weighted equally (unit weight)

function used for fitting: f2(x)
fitted parameters initialized with current variable values



 Iteration 0
 WSSR        : 1.053e+07         delta(WSSR)/WSSR   : 0
 delta(WSSR) : 0                 limit for stopping : 1e-05
 lambda	  : 75.468

initial set of free parameter values

c               = 1
d               = 1

After 4 iterations the fit converged.
final sum of squares of residuals : 2.60014
rel. change during last iteration : -8.88133e-08

degrees of freedom    (FIT_NDF)                        : 923
rms of residuals      (FIT_STDFIT) = sqrt(WSSR/ndf)    : 0.0530759
variance of residuals (reduced chisquare) = WSSR/ndf   : 0.00281705

Final set of parameters            Asymptotic Standard Error
=======================            ==========================

c               = -0.000218287     +/- 3.268e-05    (14.97%)
d               = 1.05976          +/- 0.003487     (0.3291%)


correlation matrix of the fit parameters:

               c      d      
c               1.000 
d              -0.866  1.000 


*******************************************************************************
Thu Mar 18 21:56:25 2010


FIT:    data read from "werte.dat" using 1:2
	x range restricted to [0.00000 : 195.000]
	y range restricted to [0.00000 : 1.25000]
        #datapoints = 951
        residuals are weighted equally (unit weight)

function used for fitting: f1(x)
fitted parameters initialized with current variable values



 Iteration 0
 WSSR        : 1.15286e+07       delta(WSSR)/WSSR   : 0
 delta(WSSR) : 0                 limit for stopping : 1e-05
 lambda	  : 77.5908

initial set of free parameter values

a               = 1
b               = 1

After 4 iterations the fit converged.
final sum of squares of residuals : 5.71072
rel. change during last iteration : -8.01049e-07

degrees of freedom    (FIT_NDF)                        : 949
rms of residuals      (FIT_STDFIT) = sqrt(WSSR/ndf)    : 0.0775733
variance of residuals (reduced chisquare) = WSSR/ndf   : 0.00601762

Final set of parameters            Asymptotic Standard Error
=======================            ==========================

a               = -0.0011423       +/- 4.581e-05    (4.011%)
b               = 0.708992         +/- 0.005027     (0.709%)


correlation matrix of the fit parameters:

               a      b      
a               1.000 
b              -0.866  1.000 


*******************************************************************************
Thu Mar 18 21:56:26 2010


FIT:    data read from "werte.dat" using 1:3
	x range restricted to [0.00000 : 195.000]
	y range restricted to [0.00000 : 1.25000]
        #datapoints = 925
        residuals are weighted equally (unit weight)

function used for fitting: f2(x)
fitted parameters initialized with current variable values



 Iteration 0
 WSSR        : 1.053e+07         delta(WSSR)/WSSR   : 0
 delta(WSSR) : 0                 limit for stopping : 1e-05
 lambda	  : 75.468

initial set of free parameter values

c               = 1
d               = 1

After 4 iterations the fit converged.
final sum of squares of residuals : 2.60014
rel. change during last iteration : -8.88133e-08

degrees of freedom    (FIT_NDF)                        : 923
rms of residuals      (FIT_STDFIT) = sqrt(WSSR/ndf)    : 0.0530759
variance of residuals (reduced chisquare) = WSSR/ndf   : 0.00281705

Final set of parameters            Asymptotic Standard Error
=======================            ==========================

c               = -0.000218287     +/- 3.268e-05    (14.97%)
d               = 1.05976          +/- 0.003487     (0.3291%)


correlation matrix of the fit parameters:

               c      d      
c               1.000 
d              -0.866  1.000 


*******************************************************************************
Thu Mar 18 21:57:58 2010


FIT:    data read from "werte.dat" using 1:2
	x range restricted to [0.00000 : 195.000]
	y range restricted to [0.00000 : 1.25000]
        #datapoints = 951
        residuals are weighted equally (unit weight)

function used for fitting: f1(x)
fitted parameters initialized with current variable values



 Iteration 0
 WSSR        : 1.15286e+07       delta(WSSR)/WSSR   : 0
 delta(WSSR) : 0                 limit for stopping : 1e-05
 lambda	  : 77.5908

initial set of free parameter values

a               = 1
b               = 1

After 4 iterations the fit converged.
final sum of squares of residuals : 5.71072
rel. change during last iteration : -8.01049e-07

degrees of freedom    (FIT_NDF)                        : 949
rms of residuals      (FIT_STDFIT) = sqrt(WSSR/ndf)    : 0.0775733
variance of residuals (reduced chisquare) = WSSR/ndf   : 0.00601762

Final set of parameters            Asymptotic Standard Error
=======================            ==========================

a               = -0.0011423       +/- 4.581e-05    (4.011%)
b               = 0.708992         +/- 0.005027     (0.709%)


correlation matrix of the fit parameters:

               a      b      
a               1.000 
b              -0.866  1.000 


*******************************************************************************
Thu Mar 18 21:57:58 2010


FIT:    data read from "werte.dat" using 1:3
	x range restricted to [0.00000 : 195.000]
	y range restricted to [0.00000 : 1.25000]
        #datapoints = 925
        residuals are weighted equally (unit weight)

function used for fitting: f2(x)
fitted parameters initialized with current variable values



 Iteration 0
 WSSR        : 1.053e+07         delta(WSSR)/WSSR   : 0
 delta(WSSR) : 0                 limit for stopping : 1e-05
 lambda	  : 75.468

initial set of free parameter values

c               = 1
d               = 1

After 4 iterations the fit converged.
final sum of squares of residuals : 2.60014
rel. change during last iteration : -8.88133e-08

degrees of freedom    (FIT_NDF)                        : 923
rms of residuals      (FIT_STDFIT) = sqrt(WSSR/ndf)    : 0.0530759
variance of residuals (reduced chisquare) = WSSR/ndf   : 0.00281705

Final set of parameters            Asymptotic Standard Error
=======================            ==========================

c               = -0.000218287     +/- 3.268e-05    (14.97%)
d               = 1.05976          +/- 0.003487     (0.3291%)


correlation matrix of the fit parameters:

               c      d      
c               1.000 
d              -0.866  1.000 


*******************************************************************************
Thu Mar 18 21:58:07 2010


FIT:    data read from "werte.dat" using 1:2
	x range restricted to [0.00000 : 195.000]
	y range restricted to [0.00000 : 1.25000]
        #datapoints = 951
        residuals are weighted equally (unit weight)

function used for fitting: f1(x)
fitted parameters initialized with current variable values



 Iteration 0
 WSSR        : 1.15286e+07       delta(WSSR)/WSSR   : 0
 delta(WSSR) : 0                 limit for stopping : 1e-05
 lambda	  : 77.5908

initial set of free parameter values

a               = 1
b               = 1

After 4 iterations the fit converged.
final sum of squares of residuals : 5.71072
rel. change during last iteration : -8.01049e-07

degrees of freedom    (FIT_NDF)                        : 949
rms of residuals      (FIT_STDFIT) = sqrt(WSSR/ndf)    : 0.0775733
variance of residuals (reduced chisquare) = WSSR/ndf   : 0.00601762

Final set of parameters            Asymptotic Standard Error
=======================            ==========================

a               = -0.0011423       +/- 4.581e-05    (4.011%)
b               = 0.708992         +/- 0.005027     (0.709%)


correlation matrix of the fit parameters:

               a      b      
a               1.000 
b              -0.866  1.000 


*******************************************************************************
Thu Mar 18 21:58:07 2010


FIT:    data read from "werte.dat" using 1:3
	x range restricted to [0.00000 : 195.000]
	y range restricted to [0.00000 : 1.25000]
        #datapoints = 925
        residuals are weighted equally (unit weight)

function used for fitting: f2(x)
fitted parameters initialized with current variable values



 Iteration 0
 WSSR        : 1.053e+07         delta(WSSR)/WSSR   : 0
 delta(WSSR) : 0                 limit for stopping : 1e-05
 lambda	  : 75.468

initial set of free parameter values

c               = 1
d               = 1

After 4 iterations the fit converged.
final sum of squares of residuals : 2.60014
rel. change during last iteration : -8.88133e-08

degrees of freedom    (FIT_NDF)                        : 923
rms of residuals      (FIT_STDFIT) = sqrt(WSSR/ndf)    : 0.0530759
variance of residuals (reduced chisquare) = WSSR/ndf   : 0.00281705

Final set of parameters            Asymptotic Standard Error
=======================            ==========================

c               = -0.000218287     +/- 3.268e-05    (14.97%)
d               = 1.05976          +/- 0.003487     (0.3291%)


correlation matrix of the fit parameters:

               c      d      
c               1.000 
d              -0.866  1.000 


*******************************************************************************
Thu Mar 18 21:58:15 2010


FIT:    data read from "werte.dat" using 1:2
	x range restricted to [0.00000 : 195.000]
	y range restricted to [0.00000 : 1.25000]
        #datapoints = 951
        residuals are weighted equally (unit weight)

function used for fitting: f1(x)
fitted parameters initialized with current variable values



 Iteration 0
 WSSR        : 1.15286e+07       delta(WSSR)/WSSR   : 0
 delta(WSSR) : 0                 limit for stopping : 1e-05
 lambda	  : 77.5908

initial set of free parameter values

a               = 1
b               = 1

After 4 iterations the fit converged.
final sum of squares of residuals : 5.71072
rel. change during last iteration : -8.01049e-07

degrees of freedom    (FIT_NDF)                        : 949
rms of residuals      (FIT_STDFIT) = sqrt(WSSR/ndf)    : 0.0775733
variance of residuals (reduced chisquare) = WSSR/ndf   : 0.00601762

Final set of parameters            Asymptotic Standard Error
=======================            ==========================

a               = -0.0011423       +/- 4.581e-05    (4.011%)
b               = 0.708992         +/- 0.005027     (0.709%)


correlation matrix of the fit parameters:

               a      b      
a               1.000 
b              -0.866  1.000 


*******************************************************************************
Thu Mar 18 21:58:15 2010


FIT:    data read from "werte.dat" using 1:3
	x range restricted to [0.00000 : 195.000]
	y range restricted to [0.00000 : 1.25000]
        #datapoints = 925
        residuals are weighted equally (unit weight)

function used for fitting: f2(x)
fitted parameters initialized with current variable values



 Iteration 0
 WSSR        : 1.053e+07         delta(WSSR)/WSSR   : 0
 delta(WSSR) : 0                 limit for stopping : 1e-05
 lambda	  : 75.468

initial set of free parameter values

c               = 1
d               = 1

After 4 iterations the fit converged.
final sum of squares of residuals : 2.60014
rel. change during last iteration : -8.88133e-08

degrees of freedom    (FIT_NDF)                        : 923
rms of residuals      (FIT_STDFIT) = sqrt(WSSR/ndf)    : 0.0530759
variance of residuals (reduced chisquare) = WSSR/ndf   : 0.00281705

Final set of parameters            Asymptotic Standard Error
=======================            ==========================

c               = -0.000218287     +/- 3.268e-05    (14.97%)
d               = 1.05976          +/- 0.003487     (0.3291%)


correlation matrix of the fit parameters:

               c      d      
c               1.000 
d              -0.866  1.000 


*******************************************************************************
Thu Mar 18 21:58:22 2010


FIT:    data read from "werte.dat" using 1:2
	x range restricted to [0.00000 : 195.000]
	y range restricted to [0.00000 : 1.25000]
        #datapoints = 951
        residuals are weighted equally (unit weight)

function used for fitting: f1(x)
fitted parameters initialized with current variable values



 Iteration 0
 WSSR        : 1.15286e+07       delta(WSSR)/WSSR   : 0
 delta(WSSR) : 0                 limit for stopping : 1e-05
 lambda	  : 77.5908

initial set of free parameter values

a               = 1
b               = 1

After 4 iterations the fit converged.
final sum of squares of residuals : 5.71072
rel. change during last iteration : -8.01049e-07

degrees of freedom    (FIT_NDF)                        : 949
rms of residuals      (FIT_STDFIT) = sqrt(WSSR/ndf)    : 0.0775733
variance of residuals (reduced chisquare) = WSSR/ndf   : 0.00601762

Final set of parameters            Asymptotic Standard Error
=======================            ==========================

a               = -0.0011423       +/- 4.581e-05    (4.011%)
b               = 0.708992         +/- 0.005027     (0.709%)


correlation matrix of the fit parameters:

               a      b      
a               1.000 
b              -0.866  1.000 


*******************************************************************************
Thu Mar 18 21:58:23 2010


FIT:    data read from "werte.dat" using 1:3
	x range restricted to [0.00000 : 195.000]
	y range restricted to [0.00000 : 1.25000]
        #datapoints = 925
        residuals are weighted equally (unit weight)

function used for fitting: f2(x)
fitted parameters initialized with current variable values



 Iteration 0
 WSSR        : 1.053e+07         delta(WSSR)/WSSR   : 0
 delta(WSSR) : 0                 limit for stopping : 1e-05
 lambda	  : 75.468

initial set of free parameter values

c               = 1
d               = 1

After 4 iterations the fit converged.
final sum of squares of residuals : 2.60014
rel. change during last iteration : -8.88133e-08

degrees of freedom    (FIT_NDF)                        : 923
rms of residuals      (FIT_STDFIT) = sqrt(WSSR/ndf)    : 0.0530759
variance of residuals (reduced chisquare) = WSSR/ndf   : 0.00281705

Final set of parameters            Asymptotic Standard Error
=======================            ==========================

c               = -0.000218287     +/- 3.268e-05    (14.97%)
d               = 1.05976          +/- 0.003487     (0.3291%)


correlation matrix of the fit parameters:

               c      d      
c               1.000 
d              -0.866  1.000 


*******************************************************************************
Thu Mar 18 21:58:32 2010


FIT:    data read from "werte.dat" using 1:2
	x range restricted to [0.00000 : 195.000]
	y range restricted to [0.00000 : 1.25000]
        #datapoints = 951
        residuals are weighted equally (unit weight)

function used for fitting: f1(x)
fitted parameters initialized with current variable values



 Iteration 0
 WSSR        : 1.15286e+07       delta(WSSR)/WSSR   : 0
 delta(WSSR) : 0                 limit for stopping : 1e-05
 lambda	  : 77.5908

initial set of free parameter values

a               = 1
b               = 1

After 4 iterations the fit converged.
final sum of squares of residuals : 5.71072
rel. change during last iteration : -8.01049e-07

degrees of freedom    (FIT_NDF)                        : 949
rms of residuals      (FIT_STDFIT) = sqrt(WSSR/ndf)    : 0.0775733
variance of residuals (reduced chisquare) = WSSR/ndf   : 0.00601762

Final set of parameters            Asymptotic Standard Error
=======================            ==========================

a               = -0.0011423       +/- 4.581e-05    (4.011%)
b               = 0.708992         +/- 0.005027     (0.709%)


correlation matrix of the fit parameters:

               a      b      
a               1.000 
b              -0.866  1.000 


*******************************************************************************
Thu Mar 18 21:58:33 2010


FIT:    data read from "werte.dat" using 1:3
	x range restricted to [0.00000 : 195.000]
	y range restricted to [0.00000 : 1.25000]
        #datapoints = 925
        residuals are weighted equally (unit weight)

function used for fitting: f2(x)
fitted parameters initialized with current variable values



 Iteration 0
 WSSR        : 1.053e+07         delta(WSSR)/WSSR   : 0
 delta(WSSR) : 0                 limit for stopping : 1e-05
 lambda	  : 75.468

initial set of free parameter values

c               = 1
d               = 1

After 4 iterations the fit converged.
final sum of squares of residuals : 2.60014
rel. change during last iteration : -8.88133e-08

degrees of freedom    (FIT_NDF)                        : 923
rms of residuals      (FIT_STDFIT) = sqrt(WSSR/ndf)    : 0.0530759
variance of residuals (reduced chisquare) = WSSR/ndf   : 0.00281705

Final set of parameters            Asymptotic Standard Error
=======================            ==========================

c               = -0.000218287     +/- 3.268e-05    (14.97%)
d               = 1.05976          +/- 0.003487     (0.3291%)


correlation matrix of the fit parameters:

               c      d      
c               1.000 
d              -0.866  1.000 


*******************************************************************************
Thu Mar 18 21:59:04 2010


FIT:    data read from "werte.dat" using 1:2
	x range restricted to [0.00000 : 195.000]
	y range restricted to [0.00000 : 1.25000]
        #datapoints = 951
        residuals are weighted equally (unit weight)

function used for fitting: f1(x)
fitted parameters initialized with current variable values



 Iteration 0
 WSSR        : 1.15286e+07       delta(WSSR)/WSSR   : 0
 delta(WSSR) : 0                 limit for stopping : 1e-05
 lambda	  : 77.5908

initial set of free parameter values

a               = 1
b               = 1

After 4 iterations the fit converged.
final sum of squares of residuals : 5.71072
rel. change during last iteration : -8.01049e-07

degrees of freedom    (FIT_NDF)                        : 949
rms of residuals      (FIT_STDFIT) = sqrt(WSSR/ndf)    : 0.0775733
variance of residuals (reduced chisquare) = WSSR/ndf   : 0.00601762

Final set of parameters            Asymptotic Standard Error
=======================            ==========================

a               = -0.0011423       +/- 4.581e-05    (4.011%)
b               = 0.708992         +/- 0.005027     (0.709%)


correlation matrix of the fit parameters:

               a      b      
a               1.000 
b              -0.866  1.000 


*******************************************************************************
Thu Mar 18 21:59:04 2010


FIT:    data read from "werte.dat" using 1:3
	x range restricted to [0.00000 : 195.000]
	y range restricted to [0.00000 : 1.25000]
        #datapoints = 925
        residuals are weighted equally (unit weight)

function used for fitting: f2(x)
fitted parameters initialized with current variable values



 Iteration 0
 WSSR        : 1.053e+07         delta(WSSR)/WSSR   : 0
 delta(WSSR) : 0                 limit for stopping : 1e-05
 lambda	  : 75.468

initial set of free parameter values

c               = 1
d               = 1

After 4 iterations the fit converged.
final sum of squares of residuals : 2.60014
rel. change during last iteration : -8.88133e-08

degrees of freedom    (FIT_NDF)                        : 923
rms of residuals      (FIT_STDFIT) = sqrt(WSSR/ndf)    : 0.0530759
variance of residuals (reduced chisquare) = WSSR/ndf   : 0.00281705

Final set of parameters            Asymptotic Standard Error
=======================            ==========================

c               = -0.000218287     +/- 3.268e-05    (14.97%)
d               = 1.05976          +/- 0.003487     (0.3291%)


correlation matrix of the fit parameters:

               c      d      
c               1.000 
d              -0.866  1.000 


*******************************************************************************
Thu Mar 18 21:59:14 2010


FIT:    data read from "werte.dat" using 1:2
	x range restricted to [0.00000 : 195.000]
	y range restricted to [0.00000 : 1.25000]
        #datapoints = 951
        residuals are weighted equally (unit weight)

function used for fitting: f1(x)
fitted parameters initialized with current variable values



 Iteration 0
 WSSR        : 1.15286e+07       delta(WSSR)/WSSR   : 0
 delta(WSSR) : 0                 limit for stopping : 1e-05
 lambda	  : 77.5908

initial set of free parameter values

a               = 1
b               = 1

After 4 iterations the fit converged.
final sum of squares of residuals : 5.71072
rel. change during last iteration : -8.01049e-07

degrees of freedom    (FIT_NDF)                        : 949
rms of residuals      (FIT_STDFIT) = sqrt(WSSR/ndf)    : 0.0775733
variance of residuals (reduced chisquare) = WSSR/ndf   : 0.00601762

Final set of parameters            Asymptotic Standard Error
=======================            ==========================

a               = -0.0011423       +/- 4.581e-05    (4.011%)
b               = 0.708992         +/- 0.005027     (0.709%)


correlation matrix of the fit parameters:

               a      b      
a               1.000 
b              -0.866  1.000 


*******************************************************************************
Thu Mar 18 21:59:14 2010


FIT:    data read from "werte.dat" using 1:3
	x range restricted to [0.00000 : 195.000]
	y range restricted to [0.00000 : 1.25000]
        #datapoints = 925
        residuals are weighted equally (unit weight)

function used for fitting: f2(x)
fitted parameters initialized with current variable values



 Iteration 0
 WSSR        : 1.053e+07         delta(WSSR)/WSSR   : 0
 delta(WSSR) : 0                 limit for stopping : 1e-05
 lambda	  : 75.468

initial set of free parameter values

c               = 1
d               = 1

After 4 iterations the fit converged.
final sum of squares of residuals : 2.60014
rel. change during last iteration : -8.88133e-08

degrees of freedom    (FIT_NDF)                        : 923
rms of residuals      (FIT_STDFIT) = sqrt(WSSR/ndf)    : 0.0530759
variance of residuals (reduced chisquare) = WSSR/ndf   : 0.00281705

Final set of parameters            Asymptotic Standard Error
=======================            ==========================

c               = -0.000218287     +/- 3.268e-05    (14.97%)
d               = 1.05976          +/- 0.003487     (0.3291%)


correlation matrix of the fit parameters:

               c      d      
c               1.000 
d              -0.866  1.000 


*******************************************************************************
Thu Mar 18 21:59:24 2010


FIT:    data read from "werte.dat" using 1:2
	x range restricted to [0.00000 : 195.000]
	y range restricted to [0.00000 : 1.25000]
        #datapoints = 951
        residuals are weighted equally (unit weight)

function used for fitting: f1(x)
fitted parameters initialized with current variable values



 Iteration 0
 WSSR        : 1.15286e+07       delta(WSSR)/WSSR   : 0
 delta(WSSR) : 0                 limit for stopping : 1e-05
 lambda	  : 77.5908

initial set of free parameter values

a               = 1
b               = 1

After 4 iterations the fit converged.
final sum of squares of residuals : 5.71072
rel. change during last iteration : -8.01049e-07

degrees of freedom    (FIT_NDF)                        : 949
rms of residuals      (FIT_STDFIT) = sqrt(WSSR/ndf)    : 0.0775733
variance of residuals (reduced chisquare) = WSSR/ndf   : 0.00601762

Final set of parameters            Asymptotic Standard Error
=======================            ==========================

a               = -0.0011423       +/- 4.581e-05    (4.011%)
b               = 0.708992         +/- 0.005027     (0.709%)


correlation matrix of the fit parameters:

               a      b      
a               1.000 
b              -0.866  1.000 


*******************************************************************************
Thu Mar 18 21:59:24 2010


FIT:    data read from "werte.dat" using 1:3
	x range restricted to [0.00000 : 195.000]
	y range restricted to [0.00000 : 1.25000]
        #datapoints = 925
        residuals are weighted equally (unit weight)

function used for fitting: f2(x)
fitted parameters initialized with current variable values



 Iteration 0
 WSSR        : 1.053e+07         delta(WSSR)/WSSR   : 0
 delta(WSSR) : 0                 limit for stopping : 1e-05
 lambda	  : 75.468

initial set of free parameter values

c               = 1
d               = 1

After 4 iterations the fit converged.
final sum of squares of residuals : 2.60014
rel. change during last iteration : -8.88133e-08

degrees of freedom    (FIT_NDF)                        : 923
rms of residuals      (FIT_STDFIT) = sqrt(WSSR/ndf)    : 0.0530759
variance of residuals (reduced chisquare) = WSSR/ndf   : 0.00281705

Final set of parameters            Asymptotic Standard Error
=======================            ==========================

c               = -0.000218287     +/- 3.268e-05    (14.97%)
d               = 1.05976          +/- 0.003487     (0.3291%)


correlation matrix of the fit parameters:

               c      d      
c               1.000 
d              -0.866  1.000 


*******************************************************************************
Thu Mar 18 21:59:31 2010


FIT:    data read from "werte.dat" using 1:2
	x range restricted to [0.00000 : 195.000]
	y range restricted to [0.00000 : 1.25000]
        #datapoints = 951
        residuals are weighted equally (unit weight)

function used for fitting: f1(x)
fitted parameters initialized with current variable values



 Iteration 0
 WSSR        : 1.15286e+07       delta(WSSR)/WSSR   : 0
 delta(WSSR) : 0                 limit for stopping : 1e-05
 lambda	  : 77.5908

initial set of free parameter values

a               = 1
b               = 1

After 4 iterations the fit converged.
final sum of squares of residuals : 5.71072
rel. change during last iteration : -8.01049e-07

degrees of freedom    (FIT_NDF)                        : 949
rms of residuals      (FIT_STDFIT) = sqrt(WSSR/ndf)    : 0.0775733
variance of residuals (reduced chisquare) = WSSR/ndf   : 0.00601762

Final set of parameters            Asymptotic Standard Error
=======================            ==========================

a               = -0.0011423       +/- 4.581e-05    (4.011%)
b               = 0.708992         +/- 0.005027     (0.709%)


correlation matrix of the fit parameters:

               a      b      
a               1.000 
b              -0.866  1.000 


*******************************************************************************
Thu Mar 18 21:59:31 2010


FIT:    data read from "werte.dat" using 1:3
	x range restricted to [0.00000 : 195.000]
	y range restricted to [0.00000 : 1.25000]
        #datapoints = 925
        residuals are weighted equally (unit weight)

function used for fitting: f2(x)
fitted parameters initialized with current variable values



 Iteration 0
 WSSR        : 1.053e+07         delta(WSSR)/WSSR   : 0
 delta(WSSR) : 0                 limit for stopping : 1e-05
 lambda	  : 75.468

initial set of free parameter values

c               = 1
d               = 1

After 4 iterations the fit converged.
final sum of squares of residuals : 2.60014
rel. change during last iteration : -8.88133e-08

degrees of freedom    (FIT_NDF)                        : 923
rms of residuals      (FIT_STDFIT) = sqrt(WSSR/ndf)    : 0.0530759
variance of residuals (reduced chisquare) = WSSR/ndf   : 0.00281705

Final set of parameters            Asymptotic Standard Error
=======================            ==========================

c               = -0.000218287     +/- 3.268e-05    (14.97%)
d               = 1.05976          +/- 0.003487     (0.3291%)


correlation matrix of the fit parameters:

               c      d      
c               1.000 
d              -0.866  1.000 


*******************************************************************************
Thu Mar 18 21:59:39 2010


FIT:    data read from "werte.dat" using 1:2
	x range restricted to [0.00000 : 195.000]
	y range restricted to [0.00000 : 1.25000]
        #datapoints = 951
        residuals are weighted equally (unit weight)

function used for fitting: f1(x)
fitted parameters initialized with current variable values



 Iteration 0
 WSSR        : 1.15286e+07       delta(WSSR)/WSSR   : 0
 delta(WSSR) : 0                 limit for stopping : 1e-05
 lambda	  : 77.5908

initial set of free parameter values

a               = 1
b               = 1

After 4 iterations the fit converged.
final sum of squares of residuals : 5.71072
rel. change during last iteration : -8.01049e-07

degrees of freedom    (FIT_NDF)                        : 949
rms of residuals      (FIT_STDFIT) = sqrt(WSSR/ndf)    : 0.0775733
variance of residuals (reduced chisquare) = WSSR/ndf   : 0.00601762

Final set of parameters            Asymptotic Standard Error
=======================            ==========================

a               = -0.0011423       +/- 4.581e-05    (4.011%)
b               = 0.708992         +/- 0.005027     (0.709%)


correlation matrix of the fit parameters:

               a      b      
a               1.000 
b              -0.866  1.000 


*******************************************************************************
Thu Mar 18 21:59:39 2010


FIT:    data read from "werte.dat" using 1:3
	x range restricted to [0.00000 : 195.000]
	y range restricted to [0.00000 : 1.25000]
        #datapoints = 925
        residuals are weighted equally (unit weight)

function used for fitting: f2(x)
fitted parameters initialized with current variable values



 Iteration 0
 WSSR        : 1.053e+07         delta(WSSR)/WSSR   : 0
 delta(WSSR) : 0                 limit for stopping : 1e-05
 lambda	  : 75.468

initial set of free parameter values

c               = 1
d               = 1

After 4 iterations the fit converged.
final sum of squares of residuals : 2.60014
rel. change during last iteration : -8.88133e-08

degrees of freedom    (FIT_NDF)                        : 923
rms of residuals      (FIT_STDFIT) = sqrt(WSSR/ndf)    : 0.0530759
variance of residuals (reduced chisquare) = WSSR/ndf   : 0.00281705

Final set of parameters            Asymptotic Standard Error
=======================            ==========================

c               = -0.000218287     +/- 3.268e-05    (14.97%)
d               = 1.05976          +/- 0.003487     (0.3291%)


correlation matrix of the fit parameters:

               c      d      
c               1.000 
d              -0.866  1.000 


*******************************************************************************
Thu Mar 18 21:59:46 2010


FIT:    data read from "werte.dat" using 1:2
	x range restricted to [0.00000 : 195.000]
	y range restricted to [0.00000 : 1.25000]
        #datapoints = 951
        residuals are weighted equally (unit weight)

function used for fitting: f1(x)
fitted parameters initialized with current variable values



 Iteration 0
 WSSR        : 1.15286e+07       delta(WSSR)/WSSR   : 0
 delta(WSSR) : 0                 limit for stopping : 1e-05
 lambda	  : 77.5908

initial set of free parameter values

a               = 1
b               = 1

After 4 iterations the fit converged.
final sum of squares of residuals : 5.71072
rel. change during last iteration : -8.01049e-07

degrees of freedom    (FIT_NDF)                        : 949
rms of residuals      (FIT_STDFIT) = sqrt(WSSR/ndf)    : 0.0775733
variance of residuals (reduced chisquare) = WSSR/ndf   : 0.00601762

Final set of parameters            Asymptotic Standard Error
=======================            ==========================

a               = -0.0011423       +/- 4.581e-05    (4.011%)
b               = 0.708992         +/- 0.005027     (0.709%)


correlation matrix of the fit parameters:

               a      b      
a               1.000 
b              -0.866  1.000 


*******************************************************************************
Thu Mar 18 21:59:47 2010


FIT:    data read from "werte.dat" using 1:3
	x range restricted to [0.00000 : 195.000]
	y range restricted to [0.00000 : 1.25000]
        #datapoints = 925
        residuals are weighted equally (unit weight)

function used for fitting: f2(x)
fitted parameters initialized with current variable values



 Iteration 0
 WSSR        : 1.053e+07         delta(WSSR)/WSSR   : 0
 delta(WSSR) : 0                 limit for stopping : 1e-05
 lambda	  : 75.468

initial set of free parameter values

c               = 1
d               = 1

After 4 iterations the fit converged.
final sum of squares of residuals : 2.60014
rel. change during last iteration : -8.88133e-08

degrees of freedom    (FIT_NDF)                        : 923
rms of residuals      (FIT_STDFIT) = sqrt(WSSR/ndf)    : 0.0530759
variance of residuals (reduced chisquare) = WSSR/ndf   : 0.00281705

Final set of parameters            Asymptotic Standard Error
=======================            ==========================

c               = -0.000218287     +/- 3.268e-05    (14.97%)
d               = 1.05976          +/- 0.003487     (0.3291%)


correlation matrix of the fit parameters:

               c      d      
c               1.000 
d              -0.866  1.000 


*******************************************************************************
Thu Mar 18 22:02:52 2010


FIT:    data read from "werte.dat" using 1:2
	x range restricted to [0.00000 : 195.000]
	y range restricted to [0.00000 : 1.25000]
        #datapoints = 951
        residuals are weighted equally (unit weight)

function used for fitting: f1(x)
fitted parameters initialized with current variable values



 Iteration 0
 WSSR        : 1.15286e+07       delta(WSSR)/WSSR   : 0
 delta(WSSR) : 0                 limit for stopping : 1e-05
 lambda	  : 77.5908

initial set of free parameter values

a               = 1
b               = 1

After 4 iterations the fit converged.
final sum of squares of residuals : 5.71072
rel. change during last iteration : -8.01049e-07

degrees of freedom    (FIT_NDF)                        : 949
rms of residuals      (FIT_STDFIT) = sqrt(WSSR/ndf)    : 0.0775733
variance of residuals (reduced chisquare) = WSSR/ndf   : 0.00601762

Final set of parameters            Asymptotic Standard Error
=======================            ==========================

a               = -0.0011423       +/- 4.581e-05    (4.011%)
b               = 0.708992         +/- 0.005027     (0.709%)


correlation matrix of the fit parameters:

               a      b      
a               1.000 
b              -0.866  1.000 


*******************************************************************************
Thu Mar 18 22:02:52 2010


FIT:    data read from "werte.dat" using 1:3
	x range restricted to [0.00000 : 195.000]
	y range restricted to [0.00000 : 1.25000]
        #datapoints = 925
        residuals are weighted equally (unit weight)

function used for fitting: f2(x)
fitted parameters initialized with current variable values



 Iteration 0
 WSSR        : 1.053e+07         delta(WSSR)/WSSR   : 0
 delta(WSSR) : 0                 limit for stopping : 1e-05
 lambda	  : 75.468

initial set of free parameter values

c               = 1
d               = 1

After 4 iterations the fit converged.
final sum of squares of residuals : 2.60014
rel. change during last iteration : -8.88133e-08

degrees of freedom    (FIT_NDF)                        : 923
rms of residuals      (FIT_STDFIT) = sqrt(WSSR/ndf)    : 0.0530759
variance of residuals (reduced chisquare) = WSSR/ndf   : 0.00281705

Final set of parameters            Asymptotic Standard Error
=======================            ==========================

c               = -0.000218287     +/- 3.268e-05    (14.97%)
d               = 1.05976          +/- 0.003487     (0.3291%)


correlation matrix of the fit parameters:

               c      d      
c               1.000 
d              -0.866  1.000 


*******************************************************************************
Thu Mar 18 22:03:25 2010


FIT:    data read from "werte.dat" using 1:2
	x range restricted to [0.00000 : 195.000]
	y range restricted to [0.00000 : 1.25000]
        #datapoints = 951
        residuals are weighted equally (unit weight)

function used for fitting: f1(x)
fitted parameters initialized with current variable values



 Iteration 0
 WSSR        : 1.15286e+07       delta(WSSR)/WSSR   : 0
 delta(WSSR) : 0                 limit for stopping : 1e-05
 lambda	  : 77.5908

initial set of free parameter values

a               = 1
b               = 1

After 4 iterations the fit converged.
final sum of squares of residuals : 5.71072
rel. change during last iteration : -8.01049e-07

degrees of freedom    (FIT_NDF)                        : 949
rms of residuals      (FIT_STDFIT) = sqrt(WSSR/ndf)    : 0.0775733
variance of residuals (reduced chisquare) = WSSR/ndf   : 0.00601762

Final set of parameters            Asymptotic Standard Error
=======================            ==========================

a               = -0.0011423       +/- 4.581e-05    (4.011%)
b               = 0.708992         +/- 0.005027     (0.709%)


correlation matrix of the fit parameters:

               a      b      
a               1.000 
b              -0.866  1.000 


*******************************************************************************
Thu Mar 18 22:03:25 2010


FIT:    data read from "werte.dat" using 1:3
	x range restricted to [0.00000 : 195.000]
	y range restricted to [0.00000 : 1.25000]
        #datapoints = 925
        residuals are weighted equally (unit weight)

function used for fitting: f2(x)
fitted parameters initialized with current variable values



 Iteration 0
 WSSR        : 1.053e+07         delta(WSSR)/WSSR   : 0
 delta(WSSR) : 0                 limit for stopping : 1e-05
 lambda	  : 75.468

initial set of free parameter values

c               = 1
d               = 1

After 4 iterations the fit converged.
final sum of squares of residuals : 2.60014
rel. change during last iteration : -8.88133e-08

degrees of freedom    (FIT_NDF)                        : 923
rms of residuals      (FIT_STDFIT) = sqrt(WSSR/ndf)    : 0.0530759
variance of residuals (reduced chisquare) = WSSR/ndf   : 0.00281705

Final set of parameters            Asymptotic Standard Error
=======================            ==========================

c               = -0.000218287     +/- 3.268e-05    (14.97%)
d               = 1.05976          +/- 0.003487     (0.3291%)


correlation matrix of the fit parameters:

               c      d      
c               1.000 
d              -0.866  1.000 


*******************************************************************************
Thu Mar 18 22:06:25 2010


FIT:    data read from "werte.dat" using 1:2
	x range restricted to [0.00000 : 195.000]
	y range restricted to [0.00000 : 1.25000]
        #datapoints = 951
        residuals are weighted equally (unit weight)

function used for fitting: f1(x)
fitted parameters initialized with current variable values



 Iteration 0
 WSSR        : 1.15286e+07       delta(WSSR)/WSSR   : 0
 delta(WSSR) : 0                 limit for stopping : 1e-05
 lambda	  : 77.5908

initial set of free parameter values

a               = 1
b               = 1

After 4 iterations the fit converged.
final sum of squares of residuals : 5.71072
rel. change during last iteration : -8.01049e-07

degrees of freedom    (FIT_NDF)                        : 949
rms of residuals      (FIT_STDFIT) = sqrt(WSSR/ndf)    : 0.0775733
variance of residuals (reduced chisquare) = WSSR/ndf   : 0.00601762

Final set of parameters            Asymptotic Standard Error
=======================            ==========================

a               = -0.0011423       +/- 4.581e-05    (4.011%)
b               = 0.708992         +/- 0.005027     (0.709%)


correlation matrix of the fit parameters:

               a      b      
a               1.000 
b              -0.866  1.000 


*******************************************************************************
Thu Mar 18 22:06:25 2010


FIT:    data read from "werte.dat" using 1:3
	x range restricted to [0.00000 : 195.000]
	y range restricted to [0.00000 : 1.25000]
        #datapoints = 925
        residuals are weighted equally (unit weight)

function used for fitting: f2(x)
fitted parameters initialized with current variable values



 Iteration 0
 WSSR        : 1.053e+07         delta(WSSR)/WSSR   : 0
 delta(WSSR) : 0                 limit for stopping : 1e-05
 lambda	  : 75.468

initial set of free parameter values

c               = 1
d               = 1

After 4 iterations the fit converged.
final sum of squares of residuals : 2.60014
rel. change during last iteration : -8.88133e-08

degrees of freedom    (FIT_NDF)                        : 923
rms of residuals      (FIT_STDFIT) = sqrt(WSSR/ndf)    : 0.0530759
variance of residuals (reduced chisquare) = WSSR/ndf   : 0.00281705

Final set of parameters            Asymptotic Standard Error
=======================            ==========================

c               = -0.000218287     +/- 3.268e-05    (14.97%)
d               = 1.05976          +/- 0.003487     (0.3291%)


correlation matrix of the fit parameters:

               c      d      
c               1.000 
d              -0.866  1.000 


*******************************************************************************
Thu Mar 18 22:15:04 2010


FIT:    data read from "werte.dat" using 1:2
	x range restricted to [0.00000 : 195.000]
	y range restricted to [0.00000 : 1.25000]
        #datapoints = 951
        residuals are weighted equally (unit weight)

function used for fitting: f1(x)
fitted parameters initialized with current variable values



 Iteration 0
 WSSR        : 1.15286e+07       delta(WSSR)/WSSR   : 0
 delta(WSSR) : 0                 limit for stopping : 1e-05
 lambda	  : 77.5908

initial set of free parameter values

a               = 1
b               = 1

After 4 iterations the fit converged.
final sum of squares of residuals : 5.71072
rel. change during last iteration : -8.01049e-07

degrees of freedom    (FIT_NDF)                        : 949
rms of residuals      (FIT_STDFIT) = sqrt(WSSR/ndf)    : 0.0775733
variance of residuals (reduced chisquare) = WSSR/ndf   : 0.00601762

Final set of parameters            Asymptotic Standard Error
=======================            ==========================

a               = -0.0011423       +/- 4.581e-05    (4.011%)
b               = 0.708992         +/- 0.005027     (0.709%)


correlation matrix of the fit parameters:

               a      b      
a               1.000 
b              -0.866  1.000 


*******************************************************************************
Thu Mar 18 22:15:05 2010


FIT:    data read from "werte.dat" using 1:3
	x range restricted to [0.00000 : 195.000]
	y range restricted to [0.00000 : 1.25000]
        #datapoints = 925
        residuals are weighted equally (unit weight)

function used for fitting: f2(x)
fitted parameters initialized with current variable values



 Iteration 0
 WSSR        : 1.053e+07         delta(WSSR)/WSSR   : 0
 delta(WSSR) : 0                 limit for stopping : 1e-05
 lambda	  : 75.468

initial set of free parameter values

c               = 1
d               = 1

After 4 iterations the fit converged.
final sum of squares of residuals : 2.60014
rel. change during last iteration : -8.88133e-08

degrees of freedom    (FIT_NDF)                        : 923
rms of residuals      (FIT_STDFIT) = sqrt(WSSR/ndf)    : 0.0530759
variance of residuals (reduced chisquare) = WSSR/ndf   : 0.00281705

Final set of parameters            Asymptotic Standard Error
=======================            ==========================

c               = -0.000218287     +/- 3.268e-05    (14.97%)
d               = 1.05976          +/- 0.003487     (0.3291%)


correlation matrix of the fit parameters:

               c      d      
c               1.000 
d              -0.866  1.000 


*******************************************************************************
Thu Mar 18 22:19:39 2010


FIT:    data read from "werte.dat" using 1:2
	x range restricted to [0.00000 : 195.000]
	y range restricted to [0.00000 : 1.25000]
        #datapoints = 951
        residuals are weighted equally (unit weight)

function used for fitting: f1(x)
fitted parameters initialized with current variable values



 Iteration 0
 WSSR        : 1.15286e+07       delta(WSSR)/WSSR   : 0
 delta(WSSR) : 0                 limit for stopping : 1e-05
 lambda	  : 77.5908

initial set of free parameter values

a               = 1
b               = 1

After 4 iterations the fit converged.
final sum of squares of residuals : 5.71072
rel. change during last iteration : -8.01049e-07

degrees of freedom    (FIT_NDF)                        : 949
rms of residuals      (FIT_STDFIT) = sqrt(WSSR/ndf)    : 0.0775733
variance of residuals (reduced chisquare) = WSSR/ndf   : 0.00601762

Final set of parameters            Asymptotic Standard Error
=======================            ==========================

a               = -0.0011423       +/- 4.581e-05    (4.011%)
b               = 0.708992         +/- 0.005027     (0.709%)


correlation matrix of the fit parameters:

               a      b      
a               1.000 
b              -0.866  1.000 


*******************************************************************************
Thu Mar 18 22:19:40 2010


FIT:    data read from "werte.dat" using 1:3
	x range restricted to [0.00000 : 195.000]
	y range restricted to [0.00000 : 1.25000]
        #datapoints = 925
        residuals are weighted equally (unit weight)

function used for fitting: f2(x)
fitted parameters initialized with current variable values



 Iteration 0
 WSSR        : 1.053e+07         delta(WSSR)/WSSR   : 0
 delta(WSSR) : 0                 limit for stopping : 1e-05
 lambda	  : 75.468

initial set of free parameter values

c               = 1
d               = 1

After 4 iterations the fit converged.
final sum of squares of residuals : 2.60014
rel. change during last iteration : -8.88133e-08

degrees of freedom    (FIT_NDF)                        : 923
rms of residuals      (FIT_STDFIT) = sqrt(WSSR/ndf)    : 0.0530759
variance of residuals (reduced chisquare) = WSSR/ndf   : 0.00281705

Final set of parameters            Asymptotic Standard Error
=======================            ==========================

c               = -0.000218287     +/- 3.268e-05    (14.97%)
d               = 1.05976          +/- 0.003487     (0.3291%)


correlation matrix of the fit parameters:

               c      d      
c               1.000 
d              -0.866  1.000 


*******************************************************************************
Thu Mar 18 22:20:30 2010


FIT:    data read from "werte.dat" using 1:2
	x range restricted to [0.00000 : 195.000]
	y range restricted to [0.00000 : 1.25000]
        #datapoints = 951
        residuals are weighted equally (unit weight)

function used for fitting: f1(x)
fitted parameters initialized with current variable values



 Iteration 0
 WSSR        : 1.15286e+07       delta(WSSR)/WSSR   : 0
 delta(WSSR) : 0                 limit for stopping : 1e-05
 lambda	  : 77.5908

initial set of free parameter values

a               = 1
b               = 1

After 4 iterations the fit converged.
final sum of squares of residuals : 5.71072
rel. change during last iteration : -8.01049e-07

degrees of freedom    (FIT_NDF)                        : 949
rms of residuals      (FIT_STDFIT) = sqrt(WSSR/ndf)    : 0.0775733
variance of residuals (reduced chisquare) = WSSR/ndf   : 0.00601762

Final set of parameters            Asymptotic Standard Error
=======================            ==========================

a               = -0.0011423       +/- 4.581e-05    (4.011%)
b               = 0.708992         +/- 0.005027     (0.709%)


correlation matrix of the fit parameters:

               a      b      
a               1.000 
b              -0.866  1.000 


*******************************************************************************
Thu Mar 18 22:20:30 2010


FIT:    data read from "werte.dat" using 1:3
	x range restricted to [0.00000 : 195.000]
	y range restricted to [0.00000 : 1.25000]
        #datapoints = 925
        residuals are weighted equally (unit weight)

function used for fitting: f2(x)
fitted parameters initialized with current variable values



 Iteration 0
 WSSR        : 1.053e+07         delta(WSSR)/WSSR   : 0
 delta(WSSR) : 0                 limit for stopping : 1e-05
 lambda	  : 75.468

initial set of free parameter values

c               = 1
d               = 1

After 4 iterations the fit converged.
final sum of squares of residuals : 2.60014
rel. change during last iteration : -8.88133e-08

degrees of freedom    (FIT_NDF)                        : 923
rms of residuals      (FIT_STDFIT) = sqrt(WSSR/ndf)    : 0.0530759
variance of residuals (reduced chisquare) = WSSR/ndf   : 0.00281705

Final set of parameters            Asymptotic Standard Error
=======================            ==========================

c               = -0.000218287     +/- 3.268e-05    (14.97%)
d               = 1.05976          +/- 0.003487     (0.3291%)


correlation matrix of the fit parameters:

               c      d      
c               1.000 
d              -0.866  1.000 


*******************************************************************************
Thu Mar 18 22:20:54 2010


FIT:    data read from "werte.dat" using 1:2
	x range restricted to [0.00000 : 195.000]
	y range restricted to [0.00000 : 1.25000]
        #datapoints = 951
        residuals are weighted equally (unit weight)

function used for fitting: f1(x)
fitted parameters initialized with current variable values



 Iteration 0
 WSSR        : 1.15286e+07       delta(WSSR)/WSSR   : 0
 delta(WSSR) : 0                 limit for stopping : 1e-05
 lambda	  : 77.5908

initial set of free parameter values

a               = 1
b               = 1

After 4 iterations the fit converged.
final sum of squares of residuals : 5.71072
rel. change during last iteration : -8.01049e-07

degrees of freedom    (FIT_NDF)                        : 949
rms of residuals      (FIT_STDFIT) = sqrt(WSSR/ndf)    : 0.0775733
variance of residuals (reduced chisquare) = WSSR/ndf   : 0.00601762

Final set of parameters            Asymptotic Standard Error
=======================            ==========================

a               = -0.0011423       +/- 4.581e-05    (4.011%)
b               = 0.708992         +/- 0.005027     (0.709%)


correlation matrix of the fit parameters:

               a      b      
a               1.000 
b              -0.866  1.000 


*******************************************************************************
Thu Mar 18 22:20:55 2010


FIT:    data read from "werte.dat" using 1:3
	x range restricted to [0.00000 : 195.000]
	y range restricted to [0.00000 : 1.25000]
        #datapoints = 925
        residuals are weighted equally (unit weight)

function used for fitting: f2(x)
fitted parameters initialized with current variable values



 Iteration 0
 WSSR        : 1.053e+07         delta(WSSR)/WSSR   : 0
 delta(WSSR) : 0                 limit for stopping : 1e-05
 lambda	  : 75.468

initial set of free parameter values

c               = 1
d               = 1

After 4 iterations the fit converged.
final sum of squares of residuals : 2.60014
rel. change during last iteration : -8.88133e-08

degrees of freedom    (FIT_NDF)                        : 923
rms of residuals      (FIT_STDFIT) = sqrt(WSSR/ndf)    : 0.0530759
variance of residuals (reduced chisquare) = WSSR/ndf   : 0.00281705

Final set of parameters            Asymptotic Standard Error
=======================            ==========================

c               = -0.000218287     +/- 3.268e-05    (14.97%)
d               = 1.05976          +/- 0.003487     (0.3291%)


correlation matrix of the fit parameters:

               c      d      
c               1.000 
d              -0.866  1.000 


*******************************************************************************
Thu Mar 18 22:21:50 2010


FIT:    data read from "werte.dat" using 1:2
	x range restricted to [0.00000 : 195.000]
	y range restricted to [0.00000 : 1.25000]
        #datapoints = 951
        residuals are weighted equally (unit weight)

function used for fitting: f1(x)
fitted parameters initialized with current variable values



 Iteration 0
 WSSR        : 1.15286e+07       delta(WSSR)/WSSR   : 0
 delta(WSSR) : 0                 limit for stopping : 1e-05
 lambda	  : 77.5908

initial set of free parameter values

a               = 1
b               = 1

After 4 iterations the fit converged.
final sum of squares of residuals : 5.71072
rel. change during last iteration : -8.01049e-07

degrees of freedom    (FIT_NDF)                        : 949
rms of residuals      (FIT_STDFIT) = sqrt(WSSR/ndf)    : 0.0775733
variance of residuals (reduced chisquare) = WSSR/ndf   : 0.00601762

Final set of parameters            Asymptotic Standard Error
=======================            ==========================

a               = -0.0011423       +/- 4.581e-05    (4.011%)
b               = 0.708992         +/- 0.005027     (0.709%)


correlation matrix of the fit parameters:

               a      b      
a               1.000 
b              -0.866  1.000 


*******************************************************************************
Thu Mar 18 22:21:51 2010


FIT:    data read from "werte.dat" using 1:3
	x range restricted to [0.00000 : 195.000]
	y range restricted to [0.00000 : 1.25000]
        #datapoints = 925
        residuals are weighted equally (unit weight)

function used for fitting: f2(x)
fitted parameters initialized with current variable values



 Iteration 0
 WSSR        : 1.053e+07         delta(WSSR)/WSSR   : 0
 delta(WSSR) : 0                 limit for stopping : 1e-05
 lambda	  : 75.468

initial set of free parameter values

c               = 1
d               = 1

After 4 iterations the fit converged.
final sum of squares of residuals : 2.60014
rel. change during last iteration : -8.88133e-08

degrees of freedom    (FIT_NDF)                        : 923
rms of residuals      (FIT_STDFIT) = sqrt(WSSR/ndf)    : 0.0530759
variance of residuals (reduced chisquare) = WSSR/ndf   : 0.00281705

Final set of parameters            Asymptotic Standard Error
=======================            ==========================

c               = -0.000218287     +/- 3.268e-05    (14.97%)
d               = 1.05976          +/- 0.003487     (0.3291%)


correlation matrix of the fit parameters:

               c      d      
c               1.000 
d              -0.866  1.000 


*******************************************************************************
Thu Mar 18 22:22:14 2010


FIT:    data read from "werte.dat" using 1:2
	x range restricted to [0.00000 : 195.000]
	y range restricted to [0.00000 : 1.25000]
        #datapoints = 951
        residuals are weighted equally (unit weight)

function used for fitting: f1(x)
fitted parameters initialized with current variable values



 Iteration 0
 WSSR        : 1.15286e+07       delta(WSSR)/WSSR   : 0
 delta(WSSR) : 0                 limit for stopping : 1e-05
 lambda	  : 77.5908

initial set of free parameter values

a               = 1
b               = 1

After 4 iterations the fit converged.
final sum of squares of residuals : 5.71072
rel. change during last iteration : -8.01049e-07

degrees of freedom    (FIT_NDF)                        : 949
rms of residuals      (FIT_STDFIT) = sqrt(WSSR/ndf)    : 0.0775733
variance of residuals (reduced chisquare) = WSSR/ndf   : 0.00601762

Final set of parameters            Asymptotic Standard Error
=======================            ==========================

a               = -0.0011423       +/- 4.581e-05    (4.011%)
b               = 0.708992         +/- 0.005027     (0.709%)


correlation matrix of the fit parameters:

               a      b      
a               1.000 
b              -0.866  1.000 


*******************************************************************************
Thu Mar 18 22:22:14 2010


FIT:    data read from "werte.dat" using 1:3
	x range restricted to [0.00000 : 195.000]
	y range restricted to [0.00000 : 1.25000]
        #datapoints = 925
        residuals are weighted equally (unit weight)

function used for fitting: f2(x)
fitted parameters initialized with current variable values



 Iteration 0
 WSSR        : 1.053e+07         delta(WSSR)/WSSR   : 0
 delta(WSSR) : 0                 limit for stopping : 1e-05
 lambda	  : 75.468

initial set of free parameter values

c               = 1
d               = 1

After 4 iterations the fit converged.
final sum of squares of residuals : 2.60014
rel. change during last iteration : -8.88133e-08

degrees of freedom    (FIT_NDF)                        : 923
rms of residuals      (FIT_STDFIT) = sqrt(WSSR/ndf)    : 0.0530759
variance of residuals (reduced chisquare) = WSSR/ndf   : 0.00281705

Final set of parameters            Asymptotic Standard Error
=======================            ==========================

c               = -0.000218287     +/- 3.268e-05    (14.97%)
d               = 1.05976          +/- 0.003487     (0.3291%)


correlation matrix of the fit parameters:

               c      d      
c               1.000 
d              -0.866  1.000 


*******************************************************************************
Thu Mar 18 22:27:45 2010


FIT:    data read from "werte.dat" using 1:2
	x range restricted to [0.00000 : 195.000]
	y range restricted to [0.00000 : 1.25000]
        #datapoints = 951
        residuals are weighted equally (unit weight)

function used for fitting: f1(x)
fitted parameters initialized with current variable values



 Iteration 0
 WSSR        : 1.15286e+07       delta(WSSR)/WSSR   : 0
 delta(WSSR) : 0                 limit for stopping : 1e-05
 lambda	  : 77.5908

initial set of free parameter values

a               = 1
b               = 1

After 4 iterations the fit converged.
final sum of squares of residuals : 5.71072
rel. change during last iteration : -8.01049e-07

degrees of freedom    (FIT_NDF)                        : 949
rms of residuals      (FIT_STDFIT) = sqrt(WSSR/ndf)    : 0.0775733
variance of residuals (reduced chisquare) = WSSR/ndf   : 0.00601762

Final set of parameters            Asymptotic Standard Error
=======================            ==========================

a               = -0.0011423       +/- 4.581e-05    (4.011%)
b               = 0.708992         +/- 0.005027     (0.709%)


correlation matrix of the fit parameters:

               a      b      
a               1.000 
b              -0.866  1.000 


*******************************************************************************
Thu Mar 18 22:27:45 2010


FIT:    data read from "werte.dat" using 1:3
	x range restricted to [0.00000 : 195.000]
	y range restricted to [0.00000 : 1.25000]
        #datapoints = 925
        residuals are weighted equally (unit weight)

function used for fitting: f2(x)
fitted parameters initialized with current variable values



 Iteration 0
 WSSR        : 1.053e+07         delta(WSSR)/WSSR   : 0
 delta(WSSR) : 0                 limit for stopping : 1e-05
 lambda	  : 75.468

initial set of free parameter values

c               = 1
d               = 1

After 4 iterations the fit converged.
final sum of squares of residuals : 2.60014
rel. change during last iteration : -8.88133e-08

degrees of freedom    (FIT_NDF)                        : 923
rms of residuals      (FIT_STDFIT) = sqrt(WSSR/ndf)    : 0.0530759
variance of residuals (reduced chisquare) = WSSR/ndf   : 0.00281705

Final set of parameters            Asymptotic Standard Error
=======================            ==========================

c               = -0.000218287     +/- 3.268e-05    (14.97%)
d               = 1.05976          +/- 0.003487     (0.3291%)


correlation matrix of the fit parameters:

               c      d      
c               1.000 
d              -0.866  1.000 
