

*******************************************************************************
Thu Mar 18 22:16:10 2010


FIT:    data read from "werte.dat" using 1:2
	x range restricted to [0.00000 : 180.000]
	y range restricted to [0.00000 : 1300.00]
        #datapoints = 18
        residuals are weighted equally (unit weight)

function used for fitting: f1(x)
fitted parameters initialized with current variable values



 Iteration 0
 WSSR        : 213228            delta(WSSR)/WSSR   : 0
 delta(WSSR) : 0                 limit for stopping : 1e-05
 lambda	  : 76.543

initial set of free parameter values

a               = 1
b               = 1

After 6 iterations the fit converged.
final sum of squares of residuals : 73.8046
rel. change during last iteration : -1.19379e-14

degrees of freedom    (FIT_NDF)                        : 16
rms of residuals      (FIT_STDFIT) = sqrt(WSSR/ndf)    : 2.14774
variance of residuals (reduced chisquare) = WSSR/ndf   : 4.61279

Final set of parameters            Asymptotic Standard Error
=======================            ==========================

a               = -0.0381837       +/- 0.009757     (25.55%)
b               = 194.183          +/- 1.056        (0.5439%)


correlation matrix of the fit parameters:

               a      b      
a               1.000 
b              -0.878  1.000 


*******************************************************************************
Thu Mar 18 22:16:10 2010


FIT:    data read from "werte.dat" using 1:3
	x range restricted to [0.00000 : 180.000]
	y range restricted to [0.00000 : 1300.00]
        #datapoints = 18
        residuals are weighted equally (unit weight)

function used for fitting: f2(x)
fitted parameters initialized with current variable values



 Iteration 0
 WSSR        : 2.38979e+07       delta(WSSR)/WSSR   : 0
 delta(WSSR) : 0                 limit for stopping : 1e-05
 lambda	  : 76.543

initial set of free parameter values

c               = 1
d               = 1

After 6 iterations the fit converged.
final sum of squares of residuals : 357.54
rel. change during last iteration : -1.02863e-13

degrees of freedom    (FIT_NDF)                        : 16
rms of residuals      (FIT_STDFIT) = sqrt(WSSR/ndf)    : 4.72718
variance of residuals (reduced chisquare) = WSSR/ndf   : 22.3463

Final set of parameters            Asymptotic Standard Error
=======================            ==========================

c               = -0.415893        +/- 0.02148      (5.164%)
d               = 1285.4           +/- 2.325        (0.1809%)


correlation matrix of the fit parameters:

               c      d      
c               1.000 
d              -0.878  1.000 


*******************************************************************************
Thu Mar 18 22:16:44 2010


FIT:    data read from "werte.dat" using 1:2
	x range restricted to [0.00000 : 180.000]
	y range restricted to [0.00000 : 1350.00]
        #datapoints = 18
        residuals are weighted equally (unit weight)

function used for fitting: f1(x)
fitted parameters initialized with current variable values



 Iteration 0
 WSSR        : 213228            delta(WSSR)/WSSR   : 0
 delta(WSSR) : 0                 limit for stopping : 1e-05
 lambda	  : 76.543

initial set of free parameter values

a               = 1
b               = 1

After 6 iterations the fit converged.
final sum of squares of residuals : 73.8046
rel. change during last iteration : -1.19379e-14

degrees of freedom    (FIT_NDF)                        : 16
rms of residuals      (FIT_STDFIT) = sqrt(WSSR/ndf)    : 2.14774
variance of residuals (reduced chisquare) = WSSR/ndf   : 4.61279

Final set of parameters            Asymptotic Standard Error
=======================            ==========================

a               = -0.0381837       +/- 0.009757     (25.55%)
b               = 194.183          +/- 1.056        (0.5439%)


correlation matrix of the fit parameters:

               a      b      
a               1.000 
b              -0.878  1.000 


*******************************************************************************
Thu Mar 18 22:16:44 2010


FIT:    data read from "werte.dat" using 1:3
	x range restricted to [0.00000 : 180.000]
	y range restricted to [0.00000 : 1350.00]
        #datapoints = 18
        residuals are weighted equally (unit weight)

function used for fitting: f2(x)
fitted parameters initialized with current variable values



 Iteration 0
 WSSR        : 2.38979e+07       delta(WSSR)/WSSR   : 0
 delta(WSSR) : 0                 limit for stopping : 1e-05
 lambda	  : 76.543

initial set of free parameter values

c               = 1
d               = 1

After 6 iterations the fit converged.
final sum of squares of residuals : 357.54
rel. change during last iteration : -1.02863e-13

degrees of freedom    (FIT_NDF)                        : 16
rms of residuals      (FIT_STDFIT) = sqrt(WSSR/ndf)    : 4.72718
variance of residuals (reduced chisquare) = WSSR/ndf   : 22.3463

Final set of parameters            Asymptotic Standard Error
=======================            ==========================

c               = -0.415893        +/- 0.02148      (5.164%)
d               = 1285.4           +/- 2.325        (0.1809%)


correlation matrix of the fit parameters:

               c      d      
c               1.000 
d              -0.878  1.000 
